<?xml version="1.0" encoding="UTF-8"?>
<!-- Generated by org.testng.reporters.JUnitReportReporter -->
<testsuite hostname="DESKTOP-PUV8EPM" failures="0" tests="2" name="test.TestNGClass" time="59.953" errors="0" timestamp="02 Feb 2022 12:45:28 GMT" skipped="0">
  <testcase classname="test.TestNGClass" name="clickonelectronics" time="34.542"/>
  <testcase classname="test.TestNGClass" name="clickontravel" time="25.411"/>
</testsuite> <!-- test.TestNGClass -->
