<?xml version="1.0" encoding="UTF-8"?>
<!-- Generated by org.testng.reporters.JUnitReportReporter -->
<testsuite hostname="DESKTOP-PUV8EPM" failures="0" tests="1" name="test.VerifyDownloadtab" time="32.716" errors="0" timestamp="2022-01-27T11:03:02 IST" skipped="0">
  <testcase classname="test.VerifyDownloadtab" name="clickonmoreicon" time="32.716"/>
  <system-out/>
</testsuite> <!-- test.VerifyDownloadtab -->
